{"/Users/foreks/Desktop/react-examples/app/src/components/Paginator.vue": {"path":"/Users/foreks/Desktop/react-examples/app/src/components/Paginator.vue","statementMap":{"0":{"start":{"line":61,"column":0},"end":{"line":61,"column":null}},"1":{"start":{"line":64,"column":0},"end":{"line":64,"column":null}},"2":{"start":{"line":67,"column":0},"end":{"line":67,"column":null}},"3":{"start":{"line":74,"column":0},"end":{"line":74,"column":null}},"4":{"start":{"line":75,"column":0},"end":{"line":75,"column":null}},"5":{"start":{"line":80,"column":0},"end":{"line":80,"column":null}},"6":{"start":{"line":83,"column":0},"end":{"line":83,"column":null}},"7":{"start":{"line":88,"column":0},"end":{"line":88,"column":null}},"8":{"start":{"line":89,"column":0},"end":{"line":89,"column":null}},"9":{"start":{"line":65,"column":0},"end":{"line":65,"column":null}},"10":{"start":{"line":66,"column":0},"end":{"line":66,"column":null}},"11":{"start":{"line":87,"column":0},"end":{"line":87,"column":null}},"12":{"start":{"line":1,"column":0},"end":{"line":1,"column":null}}},"fnMap":{"0":{"name":"(anonymous_0)","decl":{"start":{"line":73,"column":0},"end":{"line":73,"column":null}},"loc":{"start":{"line":73,"column":0},"end":{"line":81,"column":null}}},"1":{"name":"(anonymous_1)","decl":{"start":{"line":82,"column":0},"end":{"line":82,"column":null}},"loc":{"start":{"line":82,"column":0},"end":{"line":84,"column":null}}},"2":{"name":"(anonymous_2)","decl":{"start":{"line":87,"column":0},"end":{"line":87,"column":null}},"loc":{"start":{"line":87,"column":0},"end":{"line":90,"column":null}}},"3":{"name":"(anonymous_3)","decl":{"start":{"line":1,"column":0},"end":{"line":1,"column":null}},"loc":{"start":{"line":1,"column":0},"end":{"line":1,"column":null}}}},"branchMap":{"0":{"loc":{"start":{"line":74,"column":0},"end":{"line":74,"column":null}},"type":"cond-expr","locations":[{"start":{"line":74,"column":0},"end":{"line":74,"column":null}},{"start":{"line":74,"column":0},"end":{"line":74,"column":null}}]},"1":{"loc":{"start":{"line":75,"column":0},"end":{"line":75,"column":null}},"type":"cond-expr","locations":[{"start":{"line":75,"column":0},"end":{"line":75,"column":null}},{"start":{"line":75,"column":0},"end":{"line":75,"column":null}}]},"2":{"loc":{"start":{"line":1,"column":0},"end":{"line":1,"column":null}},"type":"cond-expr","locations":[{"start":{"line":1,"column":0},"end":{"line":1,"column":null}},{"start":{"line":1,"column":0},"end":{"line":1,"column":null}}]}},"s":{"0":2,"1":4,"2":1,"3":4,"4":4,"5":4,"6":4,"7":0,"8":0,"9":2,"10":2,"11":2,"12":22},"f":{"0":4,"1":4,"2":0,"3":12},"b":{"0":[1,3],"1":[3,4],"2":[6,12]}}
,"/Users/foreks/Desktop/react-examples/app/src/components/Product.vue": {"path":"/Users/foreks/Desktop/react-examples/app/src/components/Product.vue","statementMap":{"0":{"start":{"line":106,"column":0},"end":{"line":106,"column":null}},"1":{"start":{"line":109,"column":0},"end":{"line":109,"column":null}},"2":{"start":{"line":111,"column":0},"end":{"line":111,"column":null}},"3":{"start":{"line":112,"column":0},"end":{"line":112,"column":null}},"4":{"start":{"line":118,"column":0},"end":{"line":118,"column":null}},"5":{"start":{"line":119,"column":0},"end":{"line":119,"column":null}},"6":{"start":{"line":110,"column":0},"end":{"line":110,"column":null}},"7":{"start":{"line":1,"column":0},"end":{"line":1,"column":null}}},"fnMap":{"0":{"name":"(anonymous_0)","decl":{"start":{"line":117,"column":0},"end":{"line":117,"column":null}},"loc":{"start":{"line":117,"column":0},"end":{"line":124,"column":null}}},"1":{"name":"(anonymous_1)","decl":{"start":{"line":1,"column":0},"end":{"line":1,"column":null}},"loc":{"start":{"line":1,"column":0},"end":{"line":1,"column":null}}}},"branchMap":{"0":{"loc":{"start":{"line":118,"column":0},"end":{"line":118,"column":null}},"type":"cond-expr","locations":[{"start":{"line":118,"column":0},"end":{"line":118,"column":null}},{"start":{"line":118,"column":0},"end":{"line":118,"column":null}}]},"1":{"loc":{"start":{"line":119,"column":0},"end":{"line":119,"column":null}},"type":"cond-expr","locations":[{"start":{"line":119,"column":0},"end":{"line":119,"column":null}},{"start":{"line":119,"column":0},"end":{"line":119,"column":null}}]},"2":{"loc":{"start":{"line":1,"column":0},"end":{"line":1,"column":null}},"type":"cond-expr","locations":[{"start":{"line":1,"column":0},"end":{"line":1,"column":null}},{"start":{"line":1,"column":0},"end":{"line":1,"column":null}}]}},"s":{"0":1,"1":2,"2":0,"3":0,"4":0,"5":0,"6":1,"7":3},"f":{"0":0,"1":0},"b":{"0":[0,0],"1":[0,0],"2":[0,0]}}
,"/Users/foreks/Desktop/react-examples/app/src/components/ProductsList.vue": {"path":"/Users/foreks/Desktop/react-examples/app/src/components/ProductsList.vue","statementMap":{"0":{"start":{"line":47,"column":0},"end":{"line":47,"column":null}},"1":{"start":{"line":48,"column":0},"end":{"line":48,"column":null}},"2":{"start":{"line":49,"column":0},"end":{"line":49,"column":null}},"3":{"start":{"line":50,"column":0},"end":{"line":50,"column":null}},"4":{"start":{"line":51,"column":0},"end":{"line":51,"column":null}},"5":{"start":{"line":59,"column":0},"end":{"line":59,"column":null}},"6":{"start":{"line":62,"column":0},"end":{"line":62,"column":null}},"7":{"start":{"line":63,"column":0},"end":{"line":63,"column":null}},"8":{"start":{"line":64,"column":0},"end":{"line":64,"column":null}},"9":{"start":{"line":65,"column":0},"end":{"line":65,"column":null}},"10":{"start":{"line":66,"column":0},"end":{"line":66,"column":null}},"11":{"start":{"line":67,"column":0},"end":{"line":67,"column":null}},"12":{"start":{"line":68,"column":0},"end":{"line":68,"column":null}},"13":{"start":{"line":69,"column":0},"end":{"line":69,"column":null}},"14":{"start":{"line":70,"column":0},"end":{"line":70,"column":null}},"15":{"start":{"line":71,"column":0},"end":{"line":71,"column":null}},"16":{"start":{"line":72,"column":0},"end":{"line":72,"column":null}},"17":{"start":{"line":77,"column":0},"end":{"line":77,"column":null}},"18":{"start":{"line":84,"column":0},"end":{"line":95,"column":null}},"19":{"start":{"line":85,"column":0},"end":{"line":85,"column":null}},"20":{"start":{"line":86,"column":0},"end":{"line":86,"column":null}},"21":{"start":{"line":87,"column":0},"end":{"line":87,"column":null}},"22":{"start":{"line":88,"column":0},"end":{"line":88,"column":null}},"23":{"start":{"line":91,"column":0},"end":{"line":91,"column":null}},"24":{"start":{"line":93,"column":0},"end":{"line":93,"column":null}},"25":{"start":{"line":94,"column":0},"end":{"line":94,"column":null}},"26":{"start":{"line":102,"column":0},"end":{"line":102,"column":null}},"27":{"start":{"line":103,"column":0},"end":{"line":103,"column":null}},"28":{"start":{"line":107,"column":0},"end":{"line":107,"column":null}},"29":{"start":{"line":108,"column":0},"end":{"line":115,"column":null}},"30":{"start":{"line":109,"column":0},"end":{"line":109,"column":null}},"31":{"start":{"line":113,"column":0},"end":{"line":113,"column":null}},"32":{"start":{"line":114,"column":0},"end":{"line":114,"column":null}},"33":{"start":{"line":119,"column":0},"end":{"line":119,"column":null}},"34":{"start":{"line":121,"column":0},"end":{"line":127,"column":null}},"35":{"start":{"line":122,"column":0},"end":{"line":122,"column":null}},"36":{"start":{"line":126,"column":0},"end":{"line":126,"column":null}},"37":{"start":{"line":134,"column":0},"end":{"line":134,"column":null}},"38":{"start":{"line":135,"column":0},"end":{"line":135,"column":null}},"39":{"start":{"line":136,"column":0},"end":{"line":136,"column":null}},"40":{"start":{"line":144,"column":0},"end":{"line":144,"column":null}},"41":{"start":{"line":145,"column":0},"end":{"line":145,"column":null}},"42":{"start":{"line":157,"column":0},"end":{"line":157,"column":null}},"43":{"start":{"line":162,"column":0},"end":{"line":162,"column":null}},"44":{"start":{"line":166,"column":0},"end":{"line":166,"column":null}},"45":{"start":{"line":167,"column":0},"end":{"line":167,"column":null}},"46":{"start":{"line":59,"column":0},"end":{"line":52,"column":null}},"47":{"start":{"line":1,"column":0},"end":{"line":1,"column":null}}},"fnMap":{"0":{"name":"(anonymous_0)","decl":{"start":{"line":76,"column":0},"end":{"line":76,"column":null}},"loc":{"start":{"line":76,"column":0},"end":{"line":78,"column":null}}},"1":{"name":"(anonymous_1)","decl":{"start":{"line":83,"column":0},"end":{"line":83,"column":null}},"loc":{"start":{"line":83,"column":0},"end":{"line":96,"column":null}}},"2":{"name":"(anonymous_2)","decl":{"start":{"line":88,"column":0},"end":{"line":88,"column":null}},"loc":{"start":{"line":88,"column":0},"end":{"line":88,"column":null}}},"3":{"name":"(anonymous_3)","decl":{"start":{"line":101,"column":0},"end":{"line":101,"column":null}},"loc":{"start":{"line":101,"column":0},"end":{"line":104,"column":null}}},"4":{"name":"(anonymous_4)","decl":{"start":{"line":106,"column":0},"end":{"line":106,"column":null}},"loc":{"start":{"line":106,"column":0},"end":{"line":116,"column":null}}},"5":{"name":"(anonymous_5)","decl":{"start":{"line":109,"column":0},"end":{"line":109,"column":null}},"loc":{"start":{"line":109,"column":0},"end":{"line":109,"column":null}}},"6":{"name":"(anonymous_6)","decl":{"start":{"line":118,"column":0},"end":{"line":118,"column":null}},"loc":{"start":{"line":118,"column":0},"end":{"line":128,"column":null}}},"7":{"name":"(anonymous_7)","decl":{"start":{"line":122,"column":0},"end":{"line":122,"column":null}},"loc":{"start":{"line":122,"column":0},"end":{"line":122,"column":null}}},"8":{"name":"(anonymous_8)","decl":{"start":{"line":133,"column":0},"end":{"line":133,"column":null}},"loc":{"start":{"line":133,"column":0},"end":{"line":137,"column":null}}},"9":{"name":"(anonymous_9)","decl":{"start":{"line":143,"column":0},"end":{"line":143,"column":null}},"loc":{"start":{"line":143,"column":0},"end":{"line":150,"column":null}}},"10":{"name":"(anonymous_10)","decl":{"start":{"line":156,"column":0},"end":{"line":156,"column":null}},"loc":{"start":{"line":156,"column":0},"end":{"line":168,"column":null}}},"11":{"name":"(anonymous_11)","decl":{"start":{"line":1,"column":0},"end":{"line":1,"column":null}},"loc":{"start":{"line":1,"column":0},"end":{"line":1,"column":null}}}},"branchMap":{"0":{"loc":{"start":{"line":108,"column":0},"end":{"line":115,"column":null}},"type":"if","locations":[{"start":{"line":108,"column":0},"end":{"line":115,"column":null}},{"start":{"line":112,"column":0},"end":{"line":115,"column":null}}]},"1":{"loc":{"start":{"line":121,"column":0},"end":{"line":127,"column":null}},"type":"if","locations":[{"start":{"line":121,"column":0},"end":{"line":127,"column":null}},{"start":{"line":125,"column":0},"end":{"line":127,"column":null}}]},"2":{"loc":{"start":{"line":144,"column":0},"end":{"line":144,"column":null}},"type":"cond-expr","locations":[{"start":{"line":144,"column":0},"end":{"line":144,"column":null}},{"start":{"line":144,"column":0},"end":{"line":144,"column":null}}]},"3":{"loc":{"start":{"line":145,"column":0},"end":{"line":145,"column":null}},"type":"cond-expr","locations":[{"start":{"line":145,"column":0},"end":{"line":145,"column":null}},{"start":{"line":145,"column":0},"end":{"line":145,"column":null}}]},"4":{"loc":{"start":{"line":162,"column":0},"end":{"line":162,"column":null}},"type":"cond-expr","locations":[{"start":{"line":162,"column":0},"end":{"line":162,"column":null}},{"start":{"line":162,"column":0},"end":{"line":162,"column":null}}]},"5":{"loc":{"start":{"line":1,"column":0},"end":{"line":1,"column":null}},"type":"cond-expr","locations":[{"start":{"line":1,"column":0},"end":{"line":1,"column":null}},{"start":{"line":1,"column":0},"end":{"line":1,"column":null}}]}},"s":{"0":1,"1":1,"2":1,"3":1,"4":1,"5":1,"6":1,"7":1,"8":1,"9":1,"10":1,"11":1,"12":1,"13":1,"14":1,"15":1,"16":1,"17":1,"18":1,"19":1,"20":0,"21":0,"22":0,"23":0,"24":1,"25":1,"26":1,"27":1,"28":2,"29":2,"30":1,"31":1,"32":1,"33":1,"34":1,"35":1,"36":0,"37":2,"38":2,"39":2,"40":3,"41":3,"42":0,"43":0,"44":0,"45":0,"46":1,"47":12},"f":{"0":1,"1":1,"2":0,"3":1,"4":2,"5":0,"6":1,"7":0,"8":2,"9":3,"10":0,"11":3},"b":{"0":[1,1],"1":[1,0],"2":[0,3],"3":[1,5],"4":[0,0],"5":[3,3]}}
,"/Users/foreks/Desktop/react-examples/app/src/components/SearchBar.vue": {"path":"/Users/foreks/Desktop/react-examples/app/src/components/SearchBar.vue","statementMap":{"0":{"start":{"line":15,"column":0},"end":{"line":15,"column":null}},"1":{"start":{"line":18,"column":0},"end":{"line":18,"column":null}},"2":{"start":{"line":19,"column":0},"end":{"line":19,"column":null}},"3":{"start":{"line":22,"column":0},"end":{"line":22,"column":null}},"4":{"start":{"line":1,"column":0},"end":{"line":1,"column":null}}},"fnMap":{"0":{"name":"(anonymous_0)","decl":{"start":{"line":21,"column":0},"end":{"line":21,"column":null}},"loc":{"start":{"line":21,"column":0},"end":{"line":23,"column":null}}},"1":{"name":"(anonymous_1)","decl":{"start":{"line":1,"column":0},"end":{"line":1,"column":null}},"loc":{"start":{"line":1,"column":0},"end":{"line":1,"column":null}}}},"branchMap":{"0":{"loc":{"start":{"line":1,"column":0},"end":{"line":1,"column":null}},"type":"if","locations":[{"start":{"line":1,"column":0},"end":{"line":1,"column":null}}]}},"s":{"0":1,"1":2,"2":0,"3":0,"4":3},"f":{"0":0,"1":0},"b":{"0":[0]}}
,"/Users/foreks/Desktop/react-examples/app/src/helpers/mainApp.ts": {"path":"/Users/foreks/Desktop/react-examples/app/src/helpers/mainApp.ts","statementMap":{"0":{"start":{"line":1,"column":0},"end":{"line":1,"column":22}},"1":{"start":{"line":2,"column":0},"end":{"line":2,"column":25}}},"fnMap":{},"branchMap":{},"s":{"0":1,"1":1},"f":{},"b":{}}
,"/Users/foreks/Desktop/react-examples/app/src/repos/ProductsRepo.ts": {"path":"/Users/foreks/Desktop/react-examples/app/src/repos/ProductsRepo.ts","statementMap":{"0":{"start":{"line":2,"column":0},"end":{"line":2,"column":40}},"1":{"start":{"line":5,"column":2},"end":{"line":5,"column":54}},"2":{"start":{"line":4,"column":0},"end":{"line":4,"column":7}}},"fnMap":{"0":{"name":"getProducts","decl":{"start":{"line":4,"column":22},"end":{"line":4,"column":33}},"loc":{"start":{"line":4,"column":33},"end":{"line":6,"column":1}}}},"branchMap":{},"s":{"0":1,"1":1,"2":1},"f":{"0":1},"b":{}}
}
