TN:
SF:src/components/Paginator.vue
FN:73,(anonymous_0)
FN:82,(anonymous_1)
FN:87,(anonymous_2)
FN:1,(anonymous_3)
FNF:4
FNH:0
FNDA:0,(anonymous_0)
FNDA:0,(anonymous_1)
FNDA:0,(anonymous_2)
FNDA:0,(anonymous_3)
DA:1,3
DA:61,1
DA:64,2
DA:65,1
DA:66,1
DA:67,0
DA:74,0
DA:75,0
DA:80,0
DA:83,0
DA:87,1
DA:88,0
DA:89,0
LF:13
LH:6
BRDA:74,0,0,0
BRDA:74,0,1,0
BRDA:75,1,0,0
BRDA:75,1,1,0
BRDA:1,2,0,0
BRDA:1,2,1,0
BRF:6
BRH:0
end_of_record
TN:
SF:src/components/Product.vue
FN:117,(anonymous_0)
FN:1,(anonymous_1)
FNF:2
FNH:0
FNDA:0,(anonymous_0)
FNDA:0,(anonymous_1)
DA:1,3
DA:106,1
DA:109,2
DA:110,1
DA:111,0
DA:112,0
DA:118,0
DA:119,0
LF:8
LH:4
BRDA:118,0,0,0
BRDA:118,0,1,0
BRDA:119,1,0,0
BRDA:119,1,1,0
BRDA:1,2,0,0
BRDA:1,2,1,0
BRF:6
BRH:0
end_of_record
TN:
SF:src/components/ProductsList.vue
FN:76,(anonymous_0)
FN:83,(anonymous_1)
FN:88,(anonymous_2)
FN:101,(anonymous_3)
FN:106,(anonymous_4)
FN:109,(anonymous_5)
FN:118,(anonymous_6)
FN:122,(anonymous_7)
FN:133,(anonymous_8)
FN:143,(anonymous_9)
FN:156,(anonymous_10)
FN:1,(anonymous_11)
FNF:12
FNH:8
FNDA:1,(anonymous_0)
FNDA:1,(anonymous_1)
FNDA:0,(anonymous_2)
FNDA:1,(anonymous_3)
FNDA:1,(anonymous_4)
FNDA:0,(anonymous_5)
FNDA:1,(anonymous_6)
FNDA:0,(anonymous_7)
FNDA:2,(anonymous_8)
FNDA:3,(anonymous_9)
FNDA:0,(anonymous_10)
FNDA:3,(anonymous_11)
DA:1,12
DA:47,1
DA:48,1
DA:49,1
DA:50,1
DA:51,1
DA:59,1
DA:62,1
DA:63,1
DA:64,1
DA:65,1
DA:66,1
DA:67,1
DA:68,1
DA:69,1
DA:70,1
DA:71,1
DA:72,1
DA:77,1
DA:84,1
DA:85,1
DA:86,0
DA:87,0
DA:88,0
DA:91,0
DA:93,1
DA:94,1
DA:102,1
DA:103,1
DA:107,1
DA:108,1
DA:109,1
DA:113,0
DA:114,0
DA:119,1
DA:121,1
DA:122,1
DA:126,0
DA:134,2
DA:135,2
DA:136,2
DA:144,3
DA:145,3
DA:157,0
DA:162,0
DA:166,0
DA:167,0
LF:47
LH:36
BRDA:108,0,0,1
BRDA:108,0,1,0
BRDA:121,1,0,1
BRDA:121,1,1,0
BRDA:144,2,0,0
BRDA:144,2,1,3
BRDA:145,3,0,1
BRDA:145,3,1,5
BRDA:162,4,0,0
BRDA:162,4,1,0
BRDA:1,5,0,3
BRDA:1,5,1,3
BRF:12
BRH:7
end_of_record
TN:
SF:src/components/SearchBar.vue
FN:21,(anonymous_0)
FN:1,(anonymous_1)
FNF:2
FNH:0
FNDA:0,(anonymous_0)
FNDA:0,(anonymous_1)
DA:1,3
DA:15,1
DA:18,2
DA:19,0
DA:22,0
LF:5
LH:3
BRDA:1,0,0,0
BRF:1
BRH:0
end_of_record
TN:
SF:src/helpers/mainApp.ts
FNF:0
FNH:0
DA:1,1
DA:2,1
LF:2
LH:2
BRF:0
BRH:0
end_of_record
TN:
SF:src/repos/ProductsRepo.ts
FN:4,getProducts
FNF:1
FNH:1
FNDA:1,getProducts
DA:2,1
DA:4,1
DA:5,1
LF:3
LH:3
BRF:0
BRH:0
end_of_record
